<?xml version="1.0" encoding="UTF-8"?>
<testsuite name="runners.CreacionPrestadorRunner" tests="0" skipped="0" failures="0" errors="0" timestamp="1970-01-01T00:00:00" hostname="DESKTOP-P63OK9C" time="0.0">
  <properties/>
  <system-out><![CDATA[Feature from file:///C:/Users/GS-0014/Documents/Practica_ScreenPlay_OHI/src/test/resources/features/creacion_prestadores.feature

?[33mUndefined scenarios:?[0m
?[33mfile:///C:/Users/GS-0014/Documents/Practica_ScreenPlay_OHI/src/test/resources/features/creacion_prestadores.feature:14?[0m# : Consultar prestadores en OHI
?[33mfile:///C:/Users/GS-0014/Documents/Practica_ScreenPlay_OHI/src/test/resources/features/creacion_prestadores.feature:15?[0m# : Consultar prestadores en OHI

2 Scenarios (?[33m2 undefined?[0m)
4 Steps (?[33m4 undefined?[0m)
0m1,925s


You can implement missing steps with the snippets below:

@Cuando("se consulta un prestador de Natural")
public void se_consulta_un_prestador_de_Natural() {
    // Write code here that turns the phrase above into concrete actions
    throw new io.cucumber.java.PendingException();
}

@Entonces("muestra la lista de prestadores existentes en OHI")
public void muestra_la_lista_de_prestadores_existentes_en_OHI() {
    // Write code here that turns the phrase above into concrete actions
    throw new io.cucumber.java.PendingException();
}

@Cuando("se consulta un prestador de Juridico")
public void se_consulta_un_prestador_de_Juridico() {
    // Write code here that turns the phrase above into concrete actions
    throw new io.cucumber.java.PendingException();
}

@Entonces("muestra la lista de prestadores existentes en OHI")
public void muestra_la_lista_de_prestadores_existentes_en_OHI() {
    // Write code here that turns the phrase above into concrete actions
    throw new io.cucumber.java.PendingException();
}


]]></system-out>
  <system-err><![CDATA[[Test worker] WARN io.cucumber.junit.CucumberSerenityRunner - By default Cucumber is running in --non-strict mode.
This default will change to --strict and --non-strict will be removed.
You can use --strict or @CucumberOptions(strict = true) to suppress this warning
[Test worker] INFO  - 

-------------------------------------------------------------------------------------
     _______. _______ .______       _______ .__   __.  __  .___________.____    ____ 
    /       ||   ____||   _  \     |   ____||  \ |  | |  | |           |\   \  /   / 
   |   (----`|  |__   |  |_)  |    |  |__   |   \|  | |  | `---|  |----` \   \/   /  
    \   \    |   __|  |      /     |   __|  |  . `  | |  |     |  |       \_    _/   
.----)   |   |  |____ |  |\  \----.|  |____ |  |\   | |  |     |  |         |  |     
|_______/    |_______|| _| `._____||_______||__| \__| |__|     |__|         |__|    
                                                                                     
 News and tutorials at http://www.serenity-bdd.info                                  
 Documentation at https://wakaleo.gitbooks.io/the-serenity-book/content/             
 Join the Serenity Community on Gitter: https://gitter.im/serenity-bdd/serenity-core 
 Serenity BDD Support and Training at http://serenity-bdd.info/#/trainingandsupport  
 Learn Serenity BDD online at https://www.serenitydojo.net                           
-------------------------------------------------------------------------------------

[Test worker] INFO  - Test Suite Started: Crear prestador en OHI
]]></system-err>
</testsuite>
