<?xml version="1.0" encoding="UTF-8"?>
<testsuite name="Crear prestador en OHI" tests="2" skipped="2" failures="0" errors="0" timestamp="2021-04-10T16:05:55" hostname="DESKTOP-P63OK9C" time="1.2">
  <properties/>
  <testcase name=": Consultar prestadores en OHI" classname="Crear prestador en OHI" time="1.112">
    <skipped/>
  </testcase>
  <testcase name=": Consultar prestadores en OHI" classname="Crear prestador en OHI" time="0.087">
    <skipped/>
  </testcase>
  <system-out><![CDATA[Feature from file:///C:/Users/GS-0014/Documents/Practica_ScreenPlay_OHI/src/test/resources/features/creacion_prestadores.feature
Feature from file:///C:/Users/GS-0014/Documents/Practica_ScreenPlay_OHI/src/test/resources/features/creacion_prestadores.feature
]]></system-out>
  <system-err><![CDATA[[Test worker] INFO  - 
 _____ _____ ____ _____   ____ _____  _    ____ _____ _____ ____  
|_   _| ____/ ___|_   _| / ___|_   _|/ \  |  _ \_   _| ____|  _ \ 
  | | |  _| \___ \ | |   \___ \ | | / _ \ | |_) || | |  _| | | | |
  | | | |___ ___) || |    ___) || |/ ___ \|  _ < | | | |___| |_| |
  |_| |_____|____/ |_|   |____/ |_/_/   \_\_| \_\|_| |_____|____/ 

: Consultar prestadores en OHI(crear-prestador-en-ohi;:-consultar-prestadores-en-ohi)
-------------------------------------------------------------------
[Test worker] INFO  -    * Example: {tipoPrestador=Natural}
[Test worker] INFO  -      * Cuando se consulta un prestador de Natural
[Test worker] INFO  -       -> STEP IS PENDING
[Test worker] INFO  -      * Entonces muestra la lista de prestadores existentes en OHI
[Test worker] INFO  -       -> STEP IGNORED
[Test worker] INFO  - 
          __  _____ _____ ____ _____   ____  _____ _   _ ____ ___ _   _  ____ 
 _       / / |_   _| ____/ ___|_   _| |  _ \| ____| \ | |  _ \_ _| \ | |/ ___|
(_)____ / /    | | |  _| \___ \ | |   | |_) |  _| |  \| | | | | ||  \| | |  _ 
 |_____/ /     | | | |___ ___) || |   |  __/| |___| |\  | |_| | || |\  | |_| |
(_)   /_/      |_| |_____|____/ |_|   |_|   |_____|_| \_|____/___|_| \_|\____|

: Consultar prestadores en OHI
-------------------------------------------------------------------------------
[Test worker] INFO  -    * Example: {tipoPrestador=Juridico}
[Test worker] INFO  -      * Cuando se consulta un prestador de Juridico
[Test worker] INFO  -       -> STEP IS PENDING
[Test worker] INFO  -      * Entonces muestra la lista de prestadores existentes en OHI
[Test worker] INFO  -       -> STEP IGNORED
[Test worker] INFO  - 
          __  _____ _____ ____ _____   ____  _____ _   _ ____ ___ _   _  ____ 
 _       / / |_   _| ____/ ___|_   _| |  _ \| ____| \ | |  _ \_ _| \ | |/ ___|
(_)____ / /    | | |  _| \___ \ | |   | |_) |  _| |  \| | | | | ||  \| | |  _ 
 |_____/ /     | | | |___ ___) || |   |  __/| |___| |\  | |_| | || |\  | |_| |
(_)   /_/      |_| |_____|____/ |_|   |_|   |_____|_| \_|____/___|_| \_|\____|

: Consultar prestadores en OHI
-------------------------------------------------------------------------------
]]></system-err>
</testsuite>
